.\Release\cube.pdb
C:\W\CUBE\CUBE\BIN\CUBE.EXE
C:\w\cube\vcpp\.\Release\cube.exe.intermediate.manifest
C:\W\CUBE\VCPP\RELEASE\CALLBACKS.OBJ
C:\w\cube\vcpp\Release\cl.command.1.tlog
C:\w\cube\vcpp\Release\CL.read.1.tlog
C:\w\cube\vcpp\Release\CL.write.1.tlog
C:\W\CUBE\VCPP\RELEASE\CLIENT.OBJ
C:\W\CUBE\VCPP\RELEASE\CLIENTEXTRAS.OBJ
C:\W\CUBE\VCPP\RELEASE\CLIENTGAME.OBJ
C:\W\CUBE\VCPP\RELEASE\CLIENTS2C.OBJ
C:\W\CUBE\VCPP\RELEASE\COMMAND.OBJ
C:\W\CUBE\VCPP\RELEASE\CONSOLE.OBJ
C:\W\CUBE\VCPP\RELEASE\CUBE.EXE.INTERMEDIATE.MANIFEST
C:\W\CUBE\VCPP\RELEASE\CUBE.MAP
C:\W\CUBE\VCPP\RELEASE\CUBE.PCH
C:\W\CUBE\VCPP\RELEASE\CUBE.PDB
C:\W\CUBE\VCPP\RELEASE\EDITING.OBJ
C:\W\CUBE\VCPP\RELEASE\ENTITIES.OBJ
C:\W\CUBE\VCPP\RELEASE\HOST.OBJ
C:\w\cube\vcpp\Release\link.command.1.tlog
C:\w\cube\vcpp\Release\link.read.1.tlog
C:\w\cube\vcpp\Release\link.write.1.tlog
C:\W\CUBE\VCPP\RELEASE\LIST.OBJ
C:\W\CUBE\VCPP\RELEASE\MAIN.OBJ
C:\W\CUBE\VCPP\RELEASE\MEMORY.OBJ
C:\W\CUBE\VCPP\RELEASE\MENUS.OBJ
C:\W\CUBE\VCPP\RELEASE\MONSTER.OBJ
C:\w\cube\vcpp\Release\mt.command.1.tlog
C:\w\cube\vcpp\Release\mt.read.1.tlog
C:\w\cube\vcpp\Release\mt.write.1.tlog
C:\W\CUBE\VCPP\RELEASE\PACKET.OBJ
C:\W\CUBE\VCPP\RELEASE\PCH.OBJ
C:\W\CUBE\VCPP\RELEASE\PEER.OBJ
C:\W\CUBE\VCPP\RELEASE\PHYSICS.OBJ
C:\W\CUBE\VCPP\RELEASE\PROTOCOL.OBJ
C:\W\CUBE\VCPP\RELEASE\RENDERCUBES.OBJ
C:\W\CUBE\VCPP\RELEASE\RENDEREXTRAS.OBJ
C:\W\CUBE\VCPP\RELEASE\RENDERGL.OBJ
C:\W\CUBE\VCPP\RELEASE\RENDERMD2.OBJ
C:\W\CUBE\VCPP\RELEASE\RENDERPARTICLES.OBJ
C:\W\CUBE\VCPP\RELEASE\RENDERTEXT.OBJ
C:\W\CUBE\VCPP\RELEASE\RNDMAP.OBJ
C:\W\CUBE\VCPP\RELEASE\SAVEGAMEDEMO.OBJ
C:\W\CUBE\VCPP\RELEASE\SERVER.OBJ
C:\W\CUBE\VCPP\RELEASE\SERVERBROWSER.OBJ
C:\W\CUBE\VCPP\RELEASE\SERVERMS.OBJ
C:\W\CUBE\VCPP\RELEASE\SERVERUTIL.OBJ
C:\W\CUBE\VCPP\RELEASE\SOUND.OBJ
C:\W\CUBE\VCPP\RELEASE\TOOLS.OBJ
C:\W\CUBE\VCPP\RELEASE\UNIX.OBJ
C:\W\CUBE\VCPP\RELEASE\WEAPON.OBJ
C:\W\CUBE\VCPP\RELEASE\WIN32.OBJ
C:\W\CUBE\VCPP\RELEASE\WORLD.OBJ
C:\W\CUBE\VCPP\RELEASE\WORLDIO.OBJ
C:\W\CUBE\VCPP\RELEASE\WORLDLIGHT.OBJ
C:\W\CUBE\VCPP\RELEASE\WORLDOCULL.OBJ
C:\W\CUBE\VCPP\RELEASE\WORLDRENDER.OBJ
